生成启动时间为 2018/8/28 9:35:39。
     1>项目“E:\E盘--授课\课程讲授\普高教育\18-19第一学期\学习单元2\第2周\第2周编程作业\参考答案\1\18-19学年数据结构第2周编程作业参考答案（顺序表逆置）\18-19学年数据结构第2周编程作业参考答案（顺序表逆置）\18-19学年数据结构第2周编程作业参考答案（顺序表逆置）.vcxproj”在节点 2 上(build 个目标)。
     1>PrepareForBuild:
         正在创建目录“E:\E盘--授课\课程讲授\普高教育\18-19第一学期\学习单元2\第2周\第2周编程作业\参考答案\1\18-19学年数据结构第2周编程作业参考答案（顺序表逆置）\Debug\”。
       InitializeBuildStatus:
         正在创建“Debug\18-19学年数据结构第2周编程作业参考答案（顺序表逆置）.unsuccessfulbuild”，因为已指定“AlwaysCreate”。
       ClCompile:
         F:\Program Files (x86)\Microsoft Visual Studio 10.0\VC\bin\CL.exe /c /ZI /nologo /W3 /WX- /Od /Oy- /D WIN32 /D _DEBUG /D _CONSOLE /D _UNICODE /D UNICODE /Gm /EHsc /RTC1 /MDd /GS /fp:precise /Zc:wchar_t /Zc:forScope /Fo"Debug\\" /Fd"Debug\vc100.pdb" /Gd /TP /analyze- /errorReport:prompt SeqList.cpp SeqList_main.cpp
         SeqList_main.cpp
         SeqList.cpp
         正在生成代码...
       ManifestResourceCompile:
         C:\Program Files (x86)\Microsoft SDKs\Windows\v7.0A\bin\rc.exe /nologo /fo"Debug\18-19学年数据结构第2周编程作业参考答案（顺序表逆置）.exe.embed.manifest.res" "Debug\18-19学年数据结构第2周编程作业参考答案（顺序表逆置）_manifest.rc" 
       Link:
         F:\Program Files (x86)\Microsoft Visual Studio 10.0\VC\bin\link.exe /ERRORREPORT:PROMPT /OUT:"E:\E盘--授课\课程讲授\普高教育\18-19第一学期\学习单元2\第2周\第2周编程作业\参考答案\1\18-19学年数据结构第2周编程作业参考答案（顺序表逆置）\Debug\18-19学年数据结构第2周编程作业参考答案（顺序表逆置）.exe" /INCREMENTAL /NOLOGO kernel32.lib user32.lib gdi32.lib winspool.lib comdlg32.lib advapi32.lib shell32.lib ole32.lib oleaut32.lib uuid.lib odbc32.lib odbccp32.lib /MANIFEST /ManifestFile:"Debug\18-19学年数据结构第2周编程作业参考答案（顺序表逆置）.exe.intermediate.manifest" /MANIFESTUAC:"level='asInvoker' uiAccess='false'" /DEBUG /PDB:"E:\E盘--授课\课程讲授\普高教育\18-19第一学期\学习单元2\第2周\第2周编程作业\参考答案\1\18-19学年数据结构第2周编程作业参考答案（顺序表逆置）\Debug\18-19学年数据结构第2周编程作业参考答案（顺序表逆置）.pdb" /SUBSYSTEM:CONSOLE /TLBID:1 /DYNAMICBASE /NXCOMPAT /IMPLIB:"E:\E盘--授课\课程讲授\普高教育\18-19第一学期\学习单元2\第2周\第2周编程作业\参考答案\1\18-19学年数据结构第2周编程作业参考答案（顺序表逆置）\Debug\18-19学年数据结构第2周编程作业参考答案（顺序表逆置）.lib" /MACHINE:X86 "Debug\18-19学年数据结构第2周编程作业参考答案（顺序表逆置）.exe.embed.manifest.res"
         Debug\SeqList.obj
         Debug\SeqList_main.obj
       Manifest:
         C:\Program Files (x86)\Microsoft SDKs\Windows\v7.0A\bin\mt.exe /nologo /verbose /out:"Debug\18-19学年数据结构第2周编程作业参考答案（顺序表逆置）.exe.embed.manifest" /manifest "Debug\18-19学年数据结构第2周编程作业参考答案（顺序表逆置）.exe.intermediate.manifest"
         C:\Program Files (x86)\Microsoft SDKs\Windows\v7.0A\bin\rc.exe /nologo /fo"Debug\18-19学年数据结构第2周编程作业参考答案（顺序表逆置）.exe.embed.manifest.res" "Debug\18-19学年数据结构第2周编程作业参考答案（顺序表逆置）_manifest.rc" 
       LinkEmbedManifest:
         F:\Program Files (x86)\Microsoft Visual Studio 10.0\VC\bin\link.exe /ERRORREPORT:PROMPT /OUT:"E:\E盘--授课\课程讲授\普高教育\18-19第一学期\学习单元2\第2周\第2周编程作业\参考答案\1\18-19学年数据结构第2周编程作业参考答案（顺序表逆置）\Debug\18-19学年数据结构第2周编程作业参考答案（顺序表逆置）.exe" /INCREMENTAL /NOLOGO kernel32.lib user32.lib gdi32.lib winspool.lib comdlg32.lib advapi32.lib shell32.lib ole32.lib oleaut32.lib uuid.lib odbc32.lib odbccp32.lib /MANIFEST /ManifestFile:"Debug\18-19学年数据结构第2周编程作业参考答案（顺序表逆置）.exe.intermediate.manifest" /MANIFESTUAC:"level='asInvoker' uiAccess='false'" /DEBUG /PDB:"E:\E盘--授课\课程讲授\普高教育\18-19第一学期\学习单元2\第2周\第2周编程作业\参考答案\1\18-19学年数据结构第2周编程作业参考答案（顺序表逆置）\Debug\18-19学年数据结构第2周编程作业参考答案（顺序表逆置）.pdb" /SUBSYSTEM:CONSOLE /TLBID:1 /DYNAMICBASE /NXCOMPAT /IMPLIB:"E:\E盘--授课\课程讲授\普高教育\18-19第一学期\学习单元2\第2周\第2周编程作业\参考答案\1\18-19学年数据结构第2周编程作业参考答案（顺序表逆置）\Debug\18-19学年数据结构第2周编程作业参考答案（顺序表逆置）.lib" /MACHINE:X86 "Debug\18-19学年数据结构第2周编程作业参考答案（顺序表逆置）.exe.embed.manifest.res"
         Debug\SeqList.obj
         Debug\SeqList_main.obj
         18-19学年数据结构第2周编程作业参考答案（顺序表逆置）.vcxproj -> E:\E盘--授课\课程讲授\普高教育\18-19第一学期\学习单元2\第2周\第2周编程作业\参考答案\1\18-19学年数据结构第2周编程作业参考答案（顺序表逆置）\Debug\18-19学年数据结构第2周编程作业参考答案（顺序表逆置）.exe
       FinalizeBuildStatus:
         正在删除文件“Debug\18-19学年数据结构第2周编程作业参考答案（顺序表逆置）.unsuccessfulbuild”。
         正在对“Debug\18-19学年数据结构第2周编程作业参考答案（顺序表逆置）.lastbuildstate”执行 Touch 任务。
     1>已完成生成项目“E:\E盘--授课\课程讲授\普高教育\18-19第一学期\学习单元2\第2周\第2周编程作业\参考答案\1\18-19学年数据结构第2周编程作业参考答案（顺序表逆置）\18-19学年数据结构第2周编程作业参考答案（顺序表逆置）\18-19学年数据结构第2周编程作业参考答案（顺序表逆置）.vcxproj”(build 个目标)的操作。

生成成功。

已用时间 00:00:08.16
