生成启动时间为 2018/8/28 10:18:48。
     1>项目“E:\E盘--授课\课程讲授\普高教育\18-19第一学期\学习单元2\第3周\第3周编程作业\18-19学年第三周编程参考答案\3\18-19学年数据结构第三周编程作业题3参考答案\18-19学年数据结构第三周编程作业题3参考答案\18-19学年数据结构第三周编程作业题3参考答案.vcxproj”在节点 2 上(build 个目标)。
     1>InitializeBuildStatus:
         正在对“Debug\18-19学年数据结构第三周编程作业题3参考答案.unsuccessfulbuild”执行 Touch 任务。
       ClCompile:
         F:\Program Files (x86)\Microsoft Visual Studio 10.0\VC\bin\CL.exe /c /ZI /nologo /W3 /WX- /Od /Oy- /D WIN32 /D _DEBUG /D _CONSOLE /D _UNICODE /D UNICODE /Gm /EHsc /RTC1 /MDd /GS /fp:precise /Zc:wchar_t /Zc:forScope /Fo"Debug\\" /Fd"Debug\vc100.pdb" /Gd /TP /analyze- /errorReport:prompt LinkList.cpp LinkListMain.cpp
         LinkListMain.cpp
         正在生成代码...
         正在跳过...(未检测到相关更改)
         LinkList.cpp
       ManifestResourceCompile:
         所有输出均为最新。
       Link:
         F:\Program Files (x86)\Microsoft Visual Studio 10.0\VC\bin\link.exe /ERRORREPORT:PROMPT /OUT:"E:\E盘--授课\课程讲授\普高教育\18-19第一学期\学习单元2\第3周\第3周编程作业\18-19学年第三周编程参考答案\3\18-19学年数据结构第三周编程作业题3参考答案\Debug\18-19学年数据结构第三周编程作业题3参考答案.exe" /INCREMENTAL /NOLOGO kernel32.lib user32.lib gdi32.lib winspool.lib comdlg32.lib advapi32.lib shell32.lib ole32.lib oleaut32.lib uuid.lib odbc32.lib odbccp32.lib /MANIFEST /ManifestFile:"Debug\18-19学年数据结构第三周编程作业题3参考答案.exe.intermediate.manifest" /MANIFESTUAC:"level='asInvoker' uiAccess='false'" /DEBUG /PDB:"E:\E盘--授课\课程讲授\普高教育\18-19第一学期\学习单元2\第3周\第3周编程作业\18-19学年第三周编程参考答案\3\18-19学年数据结构第三周编程作业题3参考答案\Debug\18-19学年数据结构第三周编程作业题3参考答案.pdb" /SUBSYSTEM:CONSOLE /TLBID:1 /DYNAMICBASE /NXCOMPAT /IMPLIB:"E:\E盘--授课\课程讲授\普高教育\18-19第一学期\学习单元2\第3周\第3周编程作业\18-19学年第三周编程参考答案\3\18-19学年数据结构第三周编程作业题3参考答案\Debug\18-19学年数据结构第三周编程作业题3参考答案.lib" /MACHINE:X86 "Debug\18-19学年数据结构第三周编程作业题3参考答案.exe.embed.manifest.res"
         Debug\LinkList.obj
         Debug\LinkListMain.obj
       Manifest:
         C:\Program Files (x86)\Microsoft SDKs\Windows\v7.0A\bin\mt.exe /nologo /verbose /out:"Debug\18-19学年数据结构第三周编程作业题3参考答案.exe.embed.manifest" /manifest "Debug\18-19学年数据结构第三周编程作业题3参考答案.exe.intermediate.manifest"
         所有输出均为最新。
       LinkEmbedManifest:
         所有输出均为最新。
         18-19学年数据结构第三周编程作业题3参考答案.vcxproj -> E:\E盘--授课\课程讲授\普高教育\18-19第一学期\学习单元2\第3周\第3周编程作业\18-19学年第三周编程参考答案\3\18-19学年数据结构第三周编程作业题3参考答案\Debug\18-19学年数据结构第三周编程作业题3参考答案.exe
       FinalizeBuildStatus:
         正在删除文件“Debug\18-19学年数据结构第三周编程作业题3参考答案.unsuccessfulbuild”。
         正在对“Debug\18-19学年数据结构第三周编程作业题3参考答案.lastbuildstate”执行 Touch 任务。
     1>已完成生成项目“E:\E盘--授课\课程讲授\普高教育\18-19第一学期\学习单元2\第3周\第3周编程作业\18-19学年第三周编程参考答案\3\18-19学年数据结构第三周编程作业题3参考答案\18-19学年数据结构第三周编程作业题3参考答案\18-19学年数据结构第三周编程作业题3参考答案.vcxproj”(build 个目标)的操作。

生成成功。

已用时间 00:00:03.83
